<?xml version="1.0" encoding="UTF-8"?>
<!-- Generated by org.testng.reporters.JUnitReportReporter -->
<testsuite hostname="preetham-d" name="mViewerScripts.LeftNavigationTest" tests="2" failures="0" timestamp="1 Oct 2012 12:33:22 GMT" time="55.012" errors="0">
  <testcase name="createDB" time="1.078" classname="mViewerScripts.LeftNavigationTest"/>
  <testcase name="checkdbOptions" time="53.934" classname="mViewerScripts.LeftNavigationTest"/>
</testsuite> <!-- mViewerScripts.LeftNavigationTest -->
