<?xml version="1.0" encoding="UTF-8"?>
<!-- Generated by org.testng.reporters.JUnitReportReporter -->
<testsuite hostname="preetham-d" name="org.imaginea.mviewer.tests.TestNGClass" tests="17" failures="0" timestamp="9 Oct 2012 07:10:18 GMT" time="2.262" errors="0">
  <testcase name="verifyHomePage" time="0.046" classname="org.imaginea.mviewer.tests.TestNGClass"/>
  <testcase name="navigatetoServerStatistics" time="0.154" classname="org.imaginea.mviewer.tests.TestNGClass"/>
  <testcase name="verifyHomePage" time="0.036" classname="org.imaginea.mviewer.tests.TestNGClass"/>
  <testcase name="verifyHomePage" time="0.044" classname="org.imaginea.mviewer.tests.TestNGClass"/>
  <testcase name="verifyHomePage" time="0.052" classname="org.imaginea.mviewer.tests.TestNGClass"/>
  <testcase name="verifyHomePage" time="0.064" classname="org.imaginea.mviewer.tests.TestNGClass"/>
  <testcase name="verifyLoginpage" time="0.055" classname="org.imaginea.mviewer.tests.TestNGClass"/>
  <testcase name="verifyLoginpage" time="0.062" classname="org.imaginea.mviewer.tests.TestNGClass"/>
  <testcase name="verifyHomePage" time="0.041" classname="org.imaginea.mviewer.tests.TestNGClass"/>
  <testcase name="verifyHomePage" time="0.047" classname="org.imaginea.mviewer.tests.TestNGClass"/>
  <testcase name="verifyHomePage" time="0.048" classname="org.imaginea.mviewer.tests.TestNGClass"/>
  <testcase name="verifyLoginpage" time="0.071" classname="org.imaginea.mviewer.tests.TestNGClass"/>
  <testcase name="verifyHomePage" time="0.058" classname="org.imaginea.mviewer.tests.TestNGClass"/>
  <testcase name="verifyLoginpage" time="0.055" classname="org.imaginea.mviewer.tests.TestNGClass"/>
  <testcase name="verifyHomePage" time="0.037" classname="org.imaginea.mviewer.tests.TestNGClass"/>
  <testcase name="verifyLoginpage" time="0.095" classname="org.imaginea.mviewer.tests.TestNGClass"/>
  <testcase name="loginmViewer" time="1.297" classname="org.imaginea.mviewer.tests.TestNGClass"/>
</testsuite> <!-- org.imaginea.mviewer.tests.TestNGClass -->
